{
  "/Users/spirit/Розробка/rss-clone/rsschool-react-2023q1/src/components/Header/Header.tsx": {
    "path": "/Users/spirit/Розробка/rss-clone/rsschool-react-2023q1/src/components/Header/Header.tsx",
    "statementMap": {
      "0": {
        "start": {
          "line": 5,
          "column": 0
        },
        "end": {
          "line": 15,
          "column": 1
        }
      },
      "1": {
        "start": {
          "line": 6,
          "column": 2
        },
        "end": {
          "line": 8,
          "column": 3
        }
      },
      "2": {
        "start": {
          "line": 7,
          "column": 4
        },
        "end": {
          "line": 7,
          "column": 165
        }
      },
      "3": {
        "start": {
          "line": 9,
          "column": 2
        },
        "end": {
          "line": 9,
          "column": 39
        }
      },
      "4": {
        "start": {
          "line": 10,
          "column": 2
        },
        "end": {
          "line": 10,
          "column": 39
        }
      },
      "5": {
        "start": {
          "line": 11,
          "column": 2
        },
        "end": {
          "line": 13,
          "column": 4
        }
      },
      "6": {
        "start": {
          "line": 12,
          "column": 4
        },
        "end": {
          "line": 12,
          "column": 131
        }
      },
      "7": {
        "start": {
          "line": 14,
          "column": 2
        },
        "end": {
          "line": 14,
          "column": 75
        }
      },
      "8": {
        "start": {
          "line": 19,
          "column": 2
        },
        "end": {
          "line": 50,
          "column": 11
        }
      },
      "9": {
        "start": {
          "line": 52,
          "column": 0
        },
        "end": {
          "line": 52,
          "column": 12
        }
      },
      "10": {
        "start": {
          "line": 54,
          "column": 0
        },
        "end": {
          "line": 54,
          "column": 27
        }
      },
      "11": {
        "start": {
          "line": 55,
          "column": 0
        },
        "end": {
          "line": 71,
          "column": 1
        }
      },
      "12": {
        "start": {
          "line": 56,
          "column": 2
        },
        "end": {
          "line": 56,
          "column": 39
        }
      },
      "13": {
        "start": {
          "line": 57,
          "column": 2
        },
        "end": {
          "line": 57,
          "column": 39
        }
      },
      "14": {
        "start": {
          "line": 58,
          "column": 2
        },
        "end": {
          "line": 70,
          "column": 5
        }
      },
      "15": {
        "start": {
          "line": 62,
          "column": 4
        },
        "end": {
          "line": 62,
          "column": 157
        }
      },
      "16": {
        "start": {
          "line": 63,
          "column": 4
        },
        "end": {
          "line": 69,
          "column": 7
        }
      },
      "17": {
        "start": {
          "line": 64,
          "column": 6
        },
        "end": {
          "line": 65,
          "column": 15
        }
      },
      "18": {
        "start": {
          "line": 65,
          "column": 8
        },
        "end": {
          "line": 65,
          "column": 15
        }
      },
      "19": {
        "start": {
          "line": 66,
          "column": 32
        },
        "end": {
          "line": 66,
          "column": 115
        }
      },
      "20": {
        "start": {
          "line": 67,
          "column": 6
        },
        "end": {
          "line": 68,
          "column": 54
        }
      },
      "21": {
        "start": {
          "line": 68,
          "column": 8
        },
        "end": {
          "line": 68,
          "column": 54
        }
      }
    },
    "fnMap": {
      "0": {
        "name": "(anonymous_0)",
        "decl": {
          "start": {
            "line": 11,
            "column": 24
          },
          "end": {
            "line": 11,
            "column": 25
          }
        },
        "loc": {
          "start": {
            "line": 11,
            "column": 38
          },
          "end": {
            "line": 13,
            "column": 3
          }
        },
        "line": 11
      },
      "1": {
        "name": "Header",
        "decl": {
          "start": {
            "line": 18,
            "column": 24
          },
          "end": {
            "line": 18,
            "column": 30
          }
        },
        "loc": {
          "start": {
            "line": 18,
            "column": 38
          },
          "end": {
            "line": 51,
            "column": 1
          }
        },
        "line": 18
      },
      "2": {
        "name": "(anonymous_2)",
        "decl": {
          "start": {
            "line": 61,
            "column": 9
          },
          "end": {
            "line": 61,
            "column": 10
          }
        },
        "loc": {
          "start": {
            "line": 61,
            "column": 29
          },
          "end": {
            "line": 70,
            "column": 3
          }
        },
        "line": 61
      },
      "3": {
        "name": "(anonymous_3)",
        "decl": {
          "start": {
            "line": 63,
            "column": 27
          },
          "end": {
            "line": 63,
            "column": 28
          }
        },
        "loc": {
          "start": {
            "line": 63,
            "column": 44
          },
          "end": {
            "line": 69,
            "column": 5
          }
        },
        "line": 63
      }
    },
    "branchMap": {
      "0": {
        "loc": {
          "start": {
            "line": 5,
            "column": 0
          },
          "end": {
            "line": 15,
            "column": 1
          }
        },
        "type": "if",
        "locations": [
          {
            "start": {
              "line": 5,
              "column": 0
            },
            "end": {
              "line": 15,
              "column": 1
            }
          },
          {
            "start": {},
            "end": {}
          }
        ],
        "line": 5
      },
      "1": {
        "loc": {
          "start": {
            "line": 6,
            "column": 2
          },
          "end": {
            "line": 8,
            "column": 3
          }
        },
        "type": "if",
        "locations": [
          {
            "start": {
              "line": 6,
              "column": 2
            },
            "end": {
              "line": 8,
              "column": 3
            }
          },
          {
            "start": {},
            "end": {}
          }
        ],
        "line": 6
      },
      "2": {
        "loc": {
          "start": {
            "line": 55,
            "column": 0
          },
          "end": {
            "line": 71,
            "column": 1
          }
        },
        "type": "if",
        "locations": [
          {
            "start": {
              "line": 55,
              "column": 0
            },
            "end": {
              "line": 71,
              "column": 1
            }
          },
          {
            "start": {},
            "end": {}
          }
        ],
        "line": 55
      },
      "3": {
        "loc": {
          "start": {
            "line": 64,
            "column": 6
          },
          "end": {
            "line": 65,
            "column": 15
          }
        },
        "type": "if",
        "locations": [
          {
            "start": {
              "line": 64,
              "column": 6
            },
            "end": {
              "line": 65,
              "column": 15
            }
          },
          {
            "start": {},
            "end": {}
          }
        ],
        "line": 64
      },
      "4": {
        "loc": {
          "start": {
            "line": 67,
            "column": 6
          },
          "end": {
            "line": 68,
            "column": 54
          }
        },
        "type": "if",
        "locations": [
          {
            "start": {
              "line": 67,
              "column": 6
            },
            "end": {
              "line": 68,
              "column": 54
            }
          },
          {
            "start": {},
            "end": {}
          }
        ],
        "line": 67
      }
    },
    "s": {
      "0": 7,
      "1": 7,
      "2": 0,
      "3": 7,
      "4": 7,
      "5": 7,
      "6": 7,
      "7": 7,
      "8": 50,
      "9": 7,
      "10": 7,
      "11": 7,
      "12": 7,
      "13": 7,
      "14": 7,
      "15": 7,
      "16": 7,
      "17": 0,
      "18": 0,
      "19": 0,
      "20": 0,
      "21": 0
    },
    "f": {
      "0": 7,
      "1": 50,
      "2": 7,
      "3": 0
    },
    "b": {
      "0": [7, 0],
      "1": [0, 7],
      "2": [7, 0],
      "3": [0, 0],
      "4": [0, 0]
    },
    "inputSourceMap": {
      "version": 3,
      "mappings": "AAWM;AAXN,OAAOA,oBAAkB;AAAA;AAAA;AAAA;AAAA;AAAA;AAAA;AAAA;AAAA;AAAA;AAAA;AAAA;AAAA;AAAA;AACzB,SAASC,eAAe;AACxB,OAAO;AAMP,wBAAwBC,OAAOC,OAAe;AAC5C,SACE,uBAAC,SAAI,WAAU,UACb;AAAA,2BAAC,QAAIA,gBAAMC,SAAX;AAAA;AAAA;AAAA;AAAA,WAAiB;AAAA,IACjB,uBAAC,SAAI,WAAU,cACb;AAAA,6BAAC,WAAQ,IAAG,KAAI,oBAAhB;AAAA;AAAA;AAAA;AAAA,aAAoB;AAAA,MACpB,uBAAC,WAAQ,IAAG,UAAS,wBAArB;AAAA;AAAA;AAAA;AAAA,aAA6B;AAAA,MAC7B,uBAAC,WAAQ,IAAG,SAAQ,oBAApB;AAAA;AAAA;AAAA;AAAA,aAAwB;AAAA,SAH1B;AAAA;AAAA;AAAA;AAAA,WAIA;AAAA,OANF;AAAA;AAAA;AAAA;AAAA,SAOA;AAEJ;AAACC,KAXuBH;AAAM;AAAAI",
      "names": ["React", "NavLink", "Header", "props", "title", "_c", "$RefreshReg$"],
      "sources": [
        "/Users/spirit/Розробка/rss-clone/rsschool-react-2023q1/src/components/Header/Header.tsx"
      ],
      "file": "/Users/spirit/Розробка/rss-clone/rsschool-react-2023q1/src/components/Header/Header.tsx"
    },
    "_coverageSchema": "1a1c01bbd47fc00a2c39e90264f33305004495a9",
    "hash": "0050c19fc60ef9879d800037243bd9e2354553df"
  },
  "/Users/spirit/Розробка/rss-clone/rsschool-react-2023q1/src/redux/searchReducer.ts": {
    "path": "/Users/spirit/Розробка/rss-clone/rsschool-react-2023q1/src/redux/searchReducer.ts",
    "statementMap": {
      "0": {
        "start": {
          "line": 2,
          "column": 21
        },
        "end": {
          "line": 5,
          "column": 1
        }
      },
      "1": {
        "start": {
          "line": 6,
          "column": 27
        },
        "end": {
          "line": 17,
          "column": 2
        }
      },
      "2": {
        "start": {
          "line": 11,
          "column": 6
        },
        "end": {
          "line": 11,
          "column": 60
        }
      },
      "3": {
        "start": {
          "line": 14,
          "column": 6
        },
        "end": {
          "line": 14,
          "column": 49
        }
      },
      "4": {
        "start": {
          "line": 18,
          "column": 48
        },
        "end": {
          "line": 18,
          "column": 67
        }
      },
      "5": {
        "start": {
          "line": 19,
          "column": 29
        },
        "end": {
          "line": 19,
          "column": 48
        }
      }
    },
    "fnMap": {
      "0": {
        "name": "(anonymous_0)",
        "decl": {
          "start": {
            "line": 10,
            "column": 4
          },
          "end": {
            "line": 10,
            "column": 5
          }
        },
        "loc": {
          "start": {
            "line": 10,
            "column": 35
          },
          "end": {
            "line": 12,
            "column": 5
          }
        },
        "line": 10
      },
      "1": {
        "name": "(anonymous_1)",
        "decl": {
          "start": {
            "line": 13,
            "column": 4
          },
          "end": {
            "line": 13,
            "column": 5
          }
        },
        "loc": {
          "start": {
            "line": 13,
            "column": 33
          },
          "end": {
            "line": 15,
            "column": 5
          }
        },
        "line": 13
      }
    },
    "branchMap": {},
    "s": {
      "0": 7,
      "1": 7,
      "2": 3,
      "3": 1,
      "4": 7,
      "5": 7
    },
    "f": {
      "0": 3,
      "1": 1
    },
    "b": {},
    "inputSourceMap": {
      "version": 3,
      "sources": [
        "/Users/spirit/Розробка/rss-clone/rsschool-react-2023q1/src/redux/searchReducer.ts"
      ],
      "mappings": "AAAA,SAAS,mBAAmB;AAO5B,MAAM,eAA6B;AAAA,EACjC,QAAQ;AAAA,EACR,MAAM;AACR;AAEO,aAAM,cAAc,YAAY;AAAA,EACrC,MAAM;AAAA,EACN;AAAA,EACA,UAAU;AAAA,IACR,eAAe,OAAO,SAA4C;AAChE,aAAO,EAAE,GAAG,OAAO,QAAQ,QAAQ,SAAS,MAAM,EAAE;AAAA,IACtD;AAAA,IACA,aAAa,OAAO,SAA4C;AAC9D,aAAO,EAAE,GAAG,OAAO,MAAM,QAAQ,QAAQ;AAAA,IAC3C;AAAA,EACF;AACF,CAAC;AAEM,aAAM,EAAE,gBAAgB,aAAa,IAAI,YAAY;AACrD,aAAM,gBAAgB,YAAY;",
      "names": []
    },
    "_coverageSchema": "1a1c01bbd47fc00a2c39e90264f33305004495a9",
    "hash": "9cabe79237c0396ba207575c635027080c4bf9e6"
  },
  "/Users/spirit/Розробка/rss-clone/rsschool-react-2023q1/src/hooks/reduxHooks.ts": {
    "path": "/Users/spirit/Розробка/rss-clone/rsschool-react-2023q1/src/hooks/reduxHooks.ts",
    "statementMap": {
      "0": {
        "start": {
          "line": 2,
          "column": 30
        },
        "end": {
          "line": 2,
          "column": 41
        }
      },
      "1": {
        "start": {
          "line": 3,
          "column": 30
        },
        "end": {
          "line": 3,
          "column": 41
        }
      }
    },
    "fnMap": {},
    "branchMap": {},
    "s": {
      "0": 7,
      "1": 7
    },
    "f": {},
    "b": {},
    "inputSourceMap": {
      "version": 3,
      "sources": ["/Users/spirit/Розробка/rss-clone/rsschool-react-2023q1/src/hooks/reduxHooks.ts"],
      "mappings": "AAAA,SAAS,aAAa,mBAAmB;AAIlC,aAAM,iBAAoC;AAC1C,aAAM,iBAAkD;",
      "names": []
    },
    "_coverageSchema": "1a1c01bbd47fc00a2c39e90264f33305004495a9",
    "hash": "058252e9adff5adfaa9a0e106d8efc2d69256d1d"
  },
  "/Users/spirit/Розробка/rss-clone/rsschool-react-2023q1/src/components/SearchBar/SearchBar.tsx": {
    "path": "/Users/spirit/Розробка/rss-clone/rsschool-react-2023q1/src/components/SearchBar/SearchBar.tsx",
    "statementMap": {
      "0": {
        "start": {
          "line": 5,
          "column": 0
        },
        "end": {
          "line": 15,
          "column": 1
        }
      },
      "1": {
        "start": {
          "line": 6,
          "column": 2
        },
        "end": {
          "line": 8,
          "column": 3
        }
      },
      "2": {
        "start": {
          "line": 7,
          "column": 4
        },
        "end": {
          "line": 7,
          "column": 165
        }
      },
      "3": {
        "start": {
          "line": 9,
          "column": 2
        },
        "end": {
          "line": 9,
          "column": 39
        }
      },
      "4": {
        "start": {
          "line": 10,
          "column": 2
        },
        "end": {
          "line": 10,
          "column": 39
        }
      },
      "5": {
        "start": {
          "line": 11,
          "column": 2
        },
        "end": {
          "line": 13,
          "column": 4
        }
      },
      "6": {
        "start": {
          "line": 12,
          "column": 4
        },
        "end": {
          "line": 12,
          "column": 137
        }
      },
      "7": {
        "start": {
          "line": 14,
          "column": 2
        },
        "end": {
          "line": 14,
          "column": 75
        }
      },
      "8": {
        "start": {
          "line": 16,
          "column": 9
        },
        "end": {
          "line": 16,
          "column": 23
        }
      },
      "9": {
        "start": {
          "line": 22,
          "column": 2
        },
        "end": {
          "line": 22,
          "column": 7
        }
      },
      "10": {
        "start": {
          "line": 23,
          "column": 19
        },
        "end": {
          "line": 23,
          "column": 35
        }
      },
      "11": {
        "start": {
          "line": 24,
          "column": 28
        },
        "end": {
          "line": 24,
          "column": 90
        }
      },
      "12": {
        "start": {
          "line": 24,
          "column": 63
        },
        "end": {
          "line": 24,
          "column": 82
        }
      },
      "13": {
        "start": {
          "line": 26,
          "column": 4
        },
        "end": {
          "line": 26,
          "column": 29
        }
      },
      "14": {
        "start": {
          "line": 29,
          "column": 4
        },
        "end": {
          "line": 31,
          "column": 5
        }
      },
      "15": {
        "start": {
          "line": 30,
          "column": 6
        },
        "end": {
          "line": 30,
          "column": 38
        }
      },
      "16": {
        "start": {
          "line": 33,
          "column": 2
        },
        "end": {
          "line": 41,
          "column": 11
        }
      },
      "17": {
        "start": {
          "line": 43,
          "column": 0
        },
        "end": {
          "line": 45,
          "column": 3
        }
      },
      "18": {
        "start": {
          "line": 44,
          "column": 2
        },
        "end": {
          "line": 44,
          "column": 42
        }
      },
      "19": {
        "start": {
          "line": 46,
          "column": 0
        },
        "end": {
          "line": 46,
          "column": 15
        }
      },
      "20": {
        "start": {
          "line": 48,
          "column": 0
        },
        "end": {
          "line": 48,
          "column": 30
        }
      },
      "21": {
        "start": {
          "line": 49,
          "column": 0
        },
        "end": {
          "line": 65,
          "column": 1
        }
      },
      "22": {
        "start": {
          "line": 50,
          "column": 2
        },
        "end": {
          "line": 50,
          "column": 39
        }
      },
      "23": {
        "start": {
          "line": 51,
          "column": 2
        },
        "end": {
          "line": 51,
          "column": 39
        }
      },
      "24": {
        "start": {
          "line": 52,
          "column": 2
        },
        "end": {
          "line": 64,
          "column": 5
        }
      },
      "25": {
        "start": {
          "line": 56,
          "column": 4
        },
        "end": {
          "line": 56,
          "column": 163
        }
      },
      "26": {
        "start": {
          "line": 57,
          "column": 4
        },
        "end": {
          "line": 63,
          "column": 7
        }
      },
      "27": {
        "start": {
          "line": 58,
          "column": 6
        },
        "end": {
          "line": 59,
          "column": 15
        }
      },
      "28": {
        "start": {
          "line": 59,
          "column": 8
        },
        "end": {
          "line": 59,
          "column": 15
        }
      },
      "29": {
        "start": {
          "line": 60,
          "column": 32
        },
        "end": {
          "line": 60,
          "column": 115
        }
      },
      "30": {
        "start": {
          "line": 61,
          "column": 6
        },
        "end": {
          "line": 62,
          "column": 54
        }
      },
      "31": {
        "start": {
          "line": 62,
          "column": 8
        },
        "end": {
          "line": 62,
          "column": 54
        }
      }
    },
    "fnMap": {
      "0": {
        "name": "(anonymous_0)",
        "decl": {
          "start": {
            "line": 11,
            "column": 24
          },
          "end": {
            "line": 11,
            "column": 25
          }
        },
        "loc": {
          "start": {
            "line": 11,
            "column": 38
          },
          "end": {
            "line": 13,
            "column": 3
          }
        },
        "line": 11
      },
      "1": {
        "name": "SearchBar",
        "decl": {
          "start": {
            "line": 21,
            "column": 24
          },
          "end": {
            "line": 21,
            "column": 33
          }
        },
        "loc": {
          "start": {
            "line": 21,
            "column": 36
          },
          "end": {
            "line": 42,
            "column": 1
          }
        },
        "line": 21
      },
      "2": {
        "name": "(anonymous_2)",
        "decl": {
          "start": {
            "line": 24,
            "column": 52
          },
          "end": {
            "line": 24,
            "column": 53
          }
        },
        "loc": {
          "start": {
            "line": 24,
            "column": 63
          },
          "end": {
            "line": 24,
            "column": 82
          }
        },
        "line": 24
      },
      "3": {
        "name": "handleChange",
        "decl": {
          "start": {
            "line": 25,
            "column": 11
          },
          "end": {
            "line": 25,
            "column": 23
          }
        },
        "loc": {
          "start": {
            "line": 25,
            "column": 27
          },
          "end": {
            "line": 27,
            "column": 3
          }
        },
        "line": 25
      },
      "4": {
        "name": "startSearch",
        "decl": {
          "start": {
            "line": 28,
            "column": 11
          },
          "end": {
            "line": 28,
            "column": 22
          }
        },
        "loc": {
          "start": {
            "line": 28,
            "column": 26
          },
          "end": {
            "line": 32,
            "column": 3
          }
        },
        "line": 28
      },
      "5": {
        "name": "(anonymous_5)",
        "decl": {
          "start": {
            "line": 43,
            "column": 53
          },
          "end": {
            "line": 43,
            "column": 54
          }
        },
        "loc": {
          "start": {
            "line": 43,
            "column": 64
          },
          "end": {
            "line": 45,
            "column": 1
          }
        },
        "line": 43
      },
      "6": {
        "name": "(anonymous_6)",
        "decl": {
          "start": {
            "line": 55,
            "column": 9
          },
          "end": {
            "line": 55,
            "column": 10
          }
        },
        "loc": {
          "start": {
            "line": 55,
            "column": 29
          },
          "end": {
            "line": 64,
            "column": 3
          }
        },
        "line": 55
      },
      "7": {
        "name": "(anonymous_7)",
        "decl": {
          "start": {
            "line": 57,
            "column": 27
          },
          "end": {
            "line": 57,
            "column": 28
          }
        },
        "loc": {
          "start": {
            "line": 57,
            "column": 44
          },
          "end": {
            "line": 63,
            "column": 5
          }
        },
        "line": 57
      }
    },
    "branchMap": {
      "0": {
        "loc": {
          "start": {
            "line": 5,
            "column": 0
          },
          "end": {
            "line": 15,
            "column": 1
          }
        },
        "type": "if",
        "locations": [
          {
            "start": {
              "line": 5,
              "column": 0
            },
            "end": {
              "line": 15,
              "column": 1
            }
          },
          {
            "start": {},
            "end": {}
          }
        ],
        "line": 5
      },
      "1": {
        "loc": {
          "start": {
            "line": 6,
            "column": 2
          },
          "end": {
            "line": 8,
            "column": 3
          }
        },
        "type": "if",
        "locations": [
          {
            "start": {
              "line": 6,
              "column": 2
            },
            "end": {
              "line": 8,
              "column": 3
            }
          },
          {
            "start": {},
            "end": {}
          }
        ],
        "line": 6
      },
      "2": {
        "loc": {
          "start": {
            "line": 24,
            "column": 37
          },
          "end": {
            "line": 24,
            "column": 89
          }
        },
        "type": "binary-expr",
        "locations": [
          {
            "start": {
              "line": 24,
              "column": 37
            },
            "end": {
              "line": 24,
              "column": 83
            }
          },
          {
            "start": {
              "line": 24,
              "column": 87
            },
            "end": {
              "line": 24,
              "column": 89
            }
          }
        ],
        "line": 24
      },
      "3": {
        "loc": {
          "start": {
            "line": 29,
            "column": 4
          },
          "end": {
            "line": 31,
            "column": 5
          }
        },
        "type": "if",
        "locations": [
          {
            "start": {
              "line": 29,
              "column": 4
            },
            "end": {
              "line": 31,
              "column": 5
            }
          },
          {
            "start": {},
            "end": {}
          }
        ],
        "line": 29
      },
      "4": {
        "loc": {
          "start": {
            "line": 49,
            "column": 0
          },
          "end": {
            "line": 65,
            "column": 1
          }
        },
        "type": "if",
        "locations": [
          {
            "start": {
              "line": 49,
              "column": 0
            },
            "end": {
              "line": 65,
              "column": 1
            }
          },
          {
            "start": {},
            "end": {}
          }
        ],
        "line": 49
      },
      "5": {
        "loc": {
          "start": {
            "line": 58,
            "column": 6
          },
          "end": {
            "line": 59,
            "column": 15
          }
        },
        "type": "if",
        "locations": [
          {
            "start": {
              "line": 58,
              "column": 6
            },
            "end": {
              "line": 59,
              "column": 15
            }
          },
          {
            "start": {},
            "end": {}
          }
        ],
        "line": 58
      },
      "6": {
        "loc": {
          "start": {
            "line": 61,
            "column": 6
          },
          "end": {
            "line": 62,
            "column": 54
          }
        },
        "type": "if",
        "locations": [
          {
            "start": {
              "line": 61,
              "column": 6
            },
            "end": {
              "line": 62,
              "column": 54
            }
          },
          {
            "start": {},
            "end": {}
          }
        ],
        "line": 61
      }
    },
    "s": {
      "0": 7,
      "1": 7,
      "2": 0,
      "3": 7,
      "4": 7,
      "5": 7,
      "6": 7,
      "7": 7,
      "8": 7,
      "9": 74,
      "10": 74,
      "11": 74,
      "12": 96,
      "13": 15,
      "14": 18,
      "15": 3,
      "16": 74,
      "17": 7,
      "18": 6,
      "19": 7,
      "20": 7,
      "21": 7,
      "22": 7,
      "23": 7,
      "24": 7,
      "25": 7,
      "26": 7,
      "27": 0,
      "28": 0,
      "29": 0,
      "30": 0,
      "31": 0
    },
    "f": {
      "0": 7,
      "1": 74,
      "2": 96,
      "3": 15,
      "4": 18,
      "5": 6,
      "6": 7,
      "7": 0
    },
    "b": {
      "0": [7, 0],
      "1": [0, 7],
      "2": [74, 42],
      "3": [3, 15],
      "4": [7, 0],
      "5": [0, 0],
      "6": [0, 0]
    },
    "inputSourceMap": {
      "version": 3,
      "mappings": "AAmBM;;;;;;;;;;;;;;;;AAnBN,SAAgBA,gBAAgB;AAChC,OAAO;AACP,SAASC,sBAAsB;AAC/B,SAASC,gBAAgBC,sBAAsB;AAE/C,wBAAwBC,YAAY;AAAAC;AAClC,QAAMC,WAAWJ,eAAc;AAC/B,QAAM,CAACK,OAAOC,QAAQ,IAAIR,SAASG,eAAgBM,WAAUA,MAAMC,OAAOA,MAAM,KAAK,EAAE;AAEvF,WAASC,aAAaC,GAAwC;AAC5DJ,aAASI,EAAEC,OAAON,KAAK;AAAA,EACzB;AACA,WAASO,YAAYF,GAAwB;AAC3C,QAAIA,EAAEG,QAAQ,SAAS;AACrBT,eAASL,eAAeM,KAAK,CAAC;AAAA,IAChC;AAAA,EACF;AACA,SACE,uBAAC,SAAI,WAAU,aACb,iCAAC,WACC,WAAU,oBACV,MAAK,QACL,MAAK,aACL,UAAUI,cACV,SAASG,aACT,cAAcP,SANhB;AAAA;AAAA;AAAA;AAAA,SAMsB,KAPxB;AAAA;AAAA;AAAA;AAAA,SASA;AAEJ;AAACF,GAxBuBD,WAAS;AAAA,UACdF,gBACkBC,cAAc;AAAA;AAAAa,KAF3BZ;AAAS;AAAAa",
      "names": [
        "useState",
        "setSearchState",
        "useAppDispatch",
        "useAppSelector",
        "SearchBar",
        "_s",
        "dispatch",
        "value",
        "setValue",
        "state",
        "search",
        "handleChange",
        "e",
        "target",
        "startSearch",
        "key",
        "_c",
        "$RefreshReg$"
      ],
      "sources": [
        "/Users/spirit/Розробка/rss-clone/rsschool-react-2023q1/src/components/SearchBar/SearchBar.tsx"
      ],
      "file": "/Users/spirit/Розробка/rss-clone/rsschool-react-2023q1/src/components/SearchBar/SearchBar.tsx"
    },
    "_coverageSchema": "1a1c01bbd47fc00a2c39e90264f33305004495a9",
    "hash": "a94fe1721e0cf9bec685a47c8c3ece8f1cb115c7"
  },
  "/Users/spirit/Розробка/rss-clone/rsschool-react-2023q1/src/components/Card/Card.tsx": {
    "path": "/Users/spirit/Розробка/rss-clone/rsschool-react-2023q1/src/components/Card/Card.tsx",
    "statementMap": {
      "0": {
        "start": {
          "line": 5,
          "column": 0
        },
        "end": {
          "line": 15,
          "column": 1
        }
      },
      "1": {
        "start": {
          "line": 6,
          "column": 2
        },
        "end": {
          "line": 8,
          "column": 3
        }
      },
      "2": {
        "start": {
          "line": 7,
          "column": 4
        },
        "end": {
          "line": 7,
          "column": 165
        }
      },
      "3": {
        "start": {
          "line": 9,
          "column": 2
        },
        "end": {
          "line": 9,
          "column": 39
        }
      },
      "4": {
        "start": {
          "line": 10,
          "column": 2
        },
        "end": {
          "line": 10,
          "column": 39
        }
      },
      "5": {
        "start": {
          "line": 11,
          "column": 2
        },
        "end": {
          "line": 13,
          "column": 4
        }
      },
      "6": {
        "start": {
          "line": 12,
          "column": 4
        },
        "end": {
          "line": 12,
          "column": 127
        }
      },
      "7": {
        "start": {
          "line": 14,
          "column": 2
        },
        "end": {
          "line": 14,
          "column": 75
        }
      },
      "8": {
        "start": {
          "line": 18,
          "column": 18
        },
        "end": {
          "line": 18,
          "column": 83
        }
      },
      "9": {
        "start": {
          "line": 19,
          "column": 17
        },
        "end": {
          "line": 19,
          "column": 58
        }
      },
      "10": {
        "start": {
          "line": 21,
          "column": 4
        },
        "end": {
          "line": 22,
          "column": 39
        }
      },
      "11": {
        "start": {
          "line": 22,
          "column": 6
        },
        "end": {
          "line": 22,
          "column": 39
        }
      },
      "12": {
        "start": {
          "line": 24,
          "column": 2
        },
        "end": {
          "line": 54,
          "column": 11
        }
      },
      "13": {
        "start": {
          "line": 56,
          "column": 0
        },
        "end": {
          "line": 56,
          "column": 10
        }
      },
      "14": {
        "start": {
          "line": 58,
          "column": 0
        },
        "end": {
          "line": 58,
          "column": 25
        }
      },
      "15": {
        "start": {
          "line": 59,
          "column": 0
        },
        "end": {
          "line": 75,
          "column": 1
        }
      },
      "16": {
        "start": {
          "line": 60,
          "column": 2
        },
        "end": {
          "line": 60,
          "column": 39
        }
      },
      "17": {
        "start": {
          "line": 61,
          "column": 2
        },
        "end": {
          "line": 61,
          "column": 39
        }
      },
      "18": {
        "start": {
          "line": 62,
          "column": 2
        },
        "end": {
          "line": 74,
          "column": 5
        }
      },
      "19": {
        "start": {
          "line": 66,
          "column": 4
        },
        "end": {
          "line": 66,
          "column": 153
        }
      },
      "20": {
        "start": {
          "line": 67,
          "column": 4
        },
        "end": {
          "line": 73,
          "column": 7
        }
      },
      "21": {
        "start": {
          "line": 68,
          "column": 6
        },
        "end": {
          "line": 69,
          "column": 15
        }
      },
      "22": {
        "start": {
          "line": 69,
          "column": 8
        },
        "end": {
          "line": 69,
          "column": 15
        }
      },
      "23": {
        "start": {
          "line": 70,
          "column": 32
        },
        "end": {
          "line": 70,
          "column": 115
        }
      },
      "24": {
        "start": {
          "line": 71,
          "column": 6
        },
        "end": {
          "line": 72,
          "column": 54
        }
      },
      "25": {
        "start": {
          "line": 72,
          "column": 8
        },
        "end": {
          "line": 72,
          "column": 54
        }
      }
    },
    "fnMap": {
      "0": {
        "name": "(anonymous_0)",
        "decl": {
          "start": {
            "line": 11,
            "column": 24
          },
          "end": {
            "line": 11,
            "column": 25
          }
        },
        "loc": {
          "start": {
            "line": 11,
            "column": 38
          },
          "end": {
            "line": 13,
            "column": 3
          }
        },
        "line": 11
      },
      "1": {
        "name": "Card",
        "decl": {
          "start": {
            "line": 17,
            "column": 24
          },
          "end": {
            "line": 17,
            "column": 28
          }
        },
        "loc": {
          "start": {
            "line": 17,
            "column": 36
          },
          "end": {
            "line": 55,
            "column": 1
          }
        },
        "line": 17
      },
      "2": {
        "name": "handleModal",
        "decl": {
          "start": {
            "line": 20,
            "column": 11
          },
          "end": {
            "line": 20,
            "column": 22
          }
        },
        "loc": {
          "start": {
            "line": 20,
            "column": 25
          },
          "end": {
            "line": 23,
            "column": 3
          }
        },
        "line": 20
      },
      "3": {
        "name": "(anonymous_3)",
        "decl": {
          "start": {
            "line": 65,
            "column": 9
          },
          "end": {
            "line": 65,
            "column": 10
          }
        },
        "loc": {
          "start": {
            "line": 65,
            "column": 29
          },
          "end": {
            "line": 74,
            "column": 3
          }
        },
        "line": 65
      },
      "4": {
        "name": "(anonymous_4)",
        "decl": {
          "start": {
            "line": 67,
            "column": 27
          },
          "end": {
            "line": 67,
            "column": 28
          }
        },
        "loc": {
          "start": {
            "line": 67,
            "column": 44
          },
          "end": {
            "line": 73,
            "column": 5
          }
        },
        "line": 67
      }
    },
    "branchMap": {
      "0": {
        "loc": {
          "start": {
            "line": 5,
            "column": 0
          },
          "end": {
            "line": 15,
            "column": 1
          }
        },
        "type": "if",
        "locations": [
          {
            "start": {
              "line": 5,
              "column": 0
            },
            "end": {
              "line": 15,
              "column": 1
            }
          },
          {
            "start": {},
            "end": {}
          }
        ],
        "line": 5
      },
      "1": {
        "loc": {
          "start": {
            "line": 6,
            "column": 2
          },
          "end": {
            "line": 8,
            "column": 3
          }
        },
        "type": "if",
        "locations": [
          {
            "start": {
              "line": 6,
              "column": 2
            },
            "end": {
              "line": 8,
              "column": 3
            }
          },
          {
            "start": {},
            "end": {}
          }
        ],
        "line": 6
      },
      "2": {
        "loc": {
          "start": {
            "line": 18,
            "column": 18
          },
          "end": {
            "line": 18,
            "column": 83
          }
        },
        "type": "binary-expr",
        "locations": [
          {
            "start": {
              "line": 18,
              "column": 18
            },
            "end": {
              "line": 18,
              "column": 62
            }
          },
          {
            "start": {
              "line": 18,
              "column": 66
            },
            "end": {
              "line": 18,
              "column": 83
            }
          }
        ],
        "line": 18
      },
      "3": {
        "loc": {
          "start": {
            "line": 19,
            "column": 17
          },
          "end": {
            "line": 19,
            "column": 58
          }
        },
        "type": "binary-expr",
        "locations": [
          {
            "start": {
              "line": 19,
              "column": 17
            },
            "end": {
              "line": 19,
              "column": 52
            }
          },
          {
            "start": {
              "line": 19,
              "column": 56
            },
            "end": {
              "line": 19,
              "column": 58
            }
          }
        ],
        "line": 19
      },
      "4": {
        "loc": {
          "start": {
            "line": 21,
            "column": 4
          },
          "end": {
            "line": 22,
            "column": 39
          }
        },
        "type": "if",
        "locations": [
          {
            "start": {
              "line": 21,
              "column": 4
            },
            "end": {
              "line": 22,
              "column": 39
            }
          },
          {
            "start": {},
            "end": {}
          }
        ],
        "line": 21
      },
      "5": {
        "loc": {
          "start": {
            "line": 59,
            "column": 0
          },
          "end": {
            "line": 75,
            "column": 1
          }
        },
        "type": "if",
        "locations": [
          {
            "start": {
              "line": 59,
              "column": 0
            },
            "end": {
              "line": 75,
              "column": 1
            }
          },
          {
            "start": {},
            "end": {}
          }
        ],
        "line": 59
      },
      "6": {
        "loc": {
          "start": {
            "line": 68,
            "column": 6
          },
          "end": {
            "line": 69,
            "column": 15
          }
        },
        "type": "if",
        "locations": [
          {
            "start": {
              "line": 68,
              "column": 6
            },
            "end": {
              "line": 69,
              "column": 15
            }
          },
          {
            "start": {},
            "end": {}
          }
        ],
        "line": 68
      },
      "7": {
        "loc": {
          "start": {
            "line": 71,
            "column": 6
          },
          "end": {
            "line": 72,
            "column": 54
          }
        },
        "type": "if",
        "locations": [
          {
            "start": {
              "line": 71,
              "column": 6
            },
            "end": {
              "line": 72,
              "column": 54
            }
          },
          {
            "start": {},
            "end": {}
          }
        ],
        "line": 71
      }
    },
    "s": {
      "0": 7,
      "1": 7,
      "2": 0,
      "3": 7,
      "4": 7,
      "5": 7,
      "6": 7,
      "7": 7,
      "8": 280,
      "9": 280,
      "10": 1,
      "11": 1,
      "12": 280,
      "13": 7,
      "14": 7,
      "15": 7,
      "16": 7,
      "17": 7,
      "18": 7,
      "19": 7,
      "20": 7,
      "21": 0,
      "22": 0,
      "23": 0,
      "24": 0,
      "25": 0
    },
    "f": {
      "0": 7,
      "1": 280,
      "2": 1,
      "3": 7,
      "4": 0
    },
    "b": {
      "0": [7, 0],
      "1": [0, 7],
      "2": [280, 20],
      "3": [280, 0],
      "4": [1, 0],
      "5": [7, 0],
      "6": [0, 0],
      "7": [0, 0]
    },
    "inputSourceMap": {
      "version": 3,
      "mappings": "AAmBQ;AAnBR,OAAOA,oBAAkB;AAAA;AAAA;AAAA;AAAA;AAAA;AAAA;AAAA;AAAA;AAAA;AAAA;AAAA;AAAA;AAAA;AACzB,OAAO;AAQP,wBAAwBC,KAAKC,OAAe;AAC1C,QAAMC,UAAUD,MAAME,KAAKC,YAAYC,YAAYC,aAAa;AAChE,QAAMC,SAASN,MAAME,KAAKC,YAAYI,UAAU,CAAC,KAAK;AAEtD,WAASC,cAAc;AACrB,QAAIR,MAAMQ;AAAaR,YAAMQ,YAAYR,MAAME,KAAKO,EAAE;AAAA,EACxD;AACA,SACE,uBAAC,SAAI,WAAU,QAAO,SAASD,aAC7B;AAAA,2BAAC,SAAI,WAAU,eACb,iCAAC,SAAI,KAAKP,SAAS,KAAI,SAAQ,WAAU,qBAAzC;AAAA;AAAA;AAAA;AAAA,WAA0D,KAD5D;AAAA;AAAA;AAAA;AAAA,WAEA;AAAA,IACA,uBAAC,SAAI,WAAU,cACb;AAAA,6BAAC,QAAG,WAAU,eAAeD,gBAAME,KAAKC,WAAWO,SAAnD;AAAA;AAAA;AAAA;AAAA,aAAyD;AAAA,MACzD,uBAAC,QAAG,WAAU,gBAAgBJ,oBAA9B;AAAA;AAAA;AAAA;AAAA,aAAqC;AAAA,SAFvC;AAAA;AAAA;AAAA;AAAA,WAGA;AAAA,OAPF;AAAA;AAAA;AAAA;AAAA,SAQA;AAEJ;AAACK,KAlBuBZ;AAAI;AAAAa",
      "names": [
        "React",
        "Card",
        "props",
        "imgLink",
        "card",
        "volumeInfo",
        "imageLinks",
        "thumbnail",
        "author",
        "authors",
        "handleModal",
        "id",
        "title",
        "_c",
        "$RefreshReg$"
      ],
      "sources": [
        "/Users/spirit/Розробка/rss-clone/rsschool-react-2023q1/src/components/Card/Card.tsx"
      ],
      "file": "/Users/spirit/Розробка/rss-clone/rsschool-react-2023q1/src/components/Card/Card.tsx"
    },
    "_coverageSchema": "1a1c01bbd47fc00a2c39e90264f33305004495a9",
    "hash": "178f1db36908b4fe6d48ac8432663c510bb6298f"
  },
  "/Users/spirit/Розробка/rss-clone/rsschool-react-2023q1/src/components/CardsList/CardsList.tsx": {
    "path": "/Users/spirit/Розробка/rss-clone/rsschool-react-2023q1/src/components/CardsList/CardsList.tsx",
    "statementMap": {
      "0": {
        "start": {
          "line": 5,
          "column": 0
        },
        "end": {
          "line": 15,
          "column": 1
        }
      },
      "1": {
        "start": {
          "line": 6,
          "column": 2
        },
        "end": {
          "line": 8,
          "column": 3
        }
      },
      "2": {
        "start": {
          "line": 7,
          "column": 4
        },
        "end": {
          "line": 7,
          "column": 165
        }
      },
      "3": {
        "start": {
          "line": 9,
          "column": 2
        },
        "end": {
          "line": 9,
          "column": 39
        }
      },
      "4": {
        "start": {
          "line": 10,
          "column": 2
        },
        "end": {
          "line": 10,
          "column": 39
        }
      },
      "5": {
        "start": {
          "line": 11,
          "column": 2
        },
        "end": {
          "line": 13,
          "column": 4
        }
      },
      "6": {
        "start": {
          "line": 12,
          "column": 4
        },
        "end": {
          "line": 12,
          "column": 137
        }
      },
      "7": {
        "start": {
          "line": 14,
          "column": 2
        },
        "end": {
          "line": 14,
          "column": 75
        }
      },
      "8": {
        "start": {
          "line": 19,
          "column": 2
        },
        "end": {
          "line": 29,
          "column": 11
        }
      },
      "9": {
        "start": {
          "line": 20,
          "column": 4
        },
        "end": {
          "line": 24,
          "column": 13
        }
      },
      "10": {
        "start": {
          "line": 31,
          "column": 0
        },
        "end": {
          "line": 31,
          "column": 15
        }
      },
      "11": {
        "start": {
          "line": 33,
          "column": 0
        },
        "end": {
          "line": 33,
          "column": 30
        }
      },
      "12": {
        "start": {
          "line": 34,
          "column": 0
        },
        "end": {
          "line": 50,
          "column": 1
        }
      },
      "13": {
        "start": {
          "line": 35,
          "column": 2
        },
        "end": {
          "line": 35,
          "column": 39
        }
      },
      "14": {
        "start": {
          "line": 36,
          "column": 2
        },
        "end": {
          "line": 36,
          "column": 39
        }
      },
      "15": {
        "start": {
          "line": 37,
          "column": 2
        },
        "end": {
          "line": 49,
          "column": 5
        }
      },
      "16": {
        "start": {
          "line": 41,
          "column": 4
        },
        "end": {
          "line": 41,
          "column": 163
        }
      },
      "17": {
        "start": {
          "line": 42,
          "column": 4
        },
        "end": {
          "line": 48,
          "column": 7
        }
      },
      "18": {
        "start": {
          "line": 43,
          "column": 6
        },
        "end": {
          "line": 44,
          "column": 15
        }
      },
      "19": {
        "start": {
          "line": 44,
          "column": 8
        },
        "end": {
          "line": 44,
          "column": 15
        }
      },
      "20": {
        "start": {
          "line": 45,
          "column": 32
        },
        "end": {
          "line": 45,
          "column": 115
        }
      },
      "21": {
        "start": {
          "line": 46,
          "column": 6
        },
        "end": {
          "line": 47,
          "column": 54
        }
      },
      "22": {
        "start": {
          "line": 47,
          "column": 8
        },
        "end": {
          "line": 47,
          "column": 54
        }
      }
    },
    "fnMap": {
      "0": {
        "name": "(anonymous_0)",
        "decl": {
          "start": {
            "line": 11,
            "column": 24
          },
          "end": {
            "line": 11,
            "column": 25
          }
        },
        "loc": {
          "start": {
            "line": 11,
            "column": 38
          },
          "end": {
            "line": 13,
            "column": 3
          }
        },
        "line": 11
      },
      "1": {
        "name": "CardsList",
        "decl": {
          "start": {
            "line": 18,
            "column": 24
          },
          "end": {
            "line": 18,
            "column": 33
          }
        },
        "loc": {
          "start": {
            "line": 18,
            "column": 41
          },
          "end": {
            "line": 30,
            "column": 1
          }
        },
        "line": 18
      },
      "2": {
        "name": "(anonymous_2)",
        "decl": {
          "start": {
            "line": 19,
            "column": 91
          },
          "end": {
            "line": 19,
            "column": 92
          }
        },
        "loc": {
          "start": {
            "line": 19,
            "column": 104
          },
          "end": {
            "line": 25,
            "column": 3
          }
        },
        "line": 19
      },
      "3": {
        "name": "(anonymous_3)",
        "decl": {
          "start": {
            "line": 40,
            "column": 9
          },
          "end": {
            "line": 40,
            "column": 10
          }
        },
        "loc": {
          "start": {
            "line": 40,
            "column": 29
          },
          "end": {
            "line": 49,
            "column": 3
          }
        },
        "line": 40
      },
      "4": {
        "name": "(anonymous_4)",
        "decl": {
          "start": {
            "line": 42,
            "column": 27
          },
          "end": {
            "line": 42,
            "column": 28
          }
        },
        "loc": {
          "start": {
            "line": 42,
            "column": 44
          },
          "end": {
            "line": 48,
            "column": 5
          }
        },
        "line": 42
      }
    },
    "branchMap": {
      "0": {
        "loc": {
          "start": {
            "line": 5,
            "column": 0
          },
          "end": {
            "line": 15,
            "column": 1
          }
        },
        "type": "if",
        "locations": [
          {
            "start": {
              "line": 5,
              "column": 0
            },
            "end": {
              "line": 15,
              "column": 1
            }
          },
          {
            "start": {},
            "end": {}
          }
        ],
        "line": 5
      },
      "1": {
        "loc": {
          "start": {
            "line": 6,
            "column": 2
          },
          "end": {
            "line": 8,
            "column": 3
          }
        },
        "type": "if",
        "locations": [
          {
            "start": {
              "line": 6,
              "column": 2
            },
            "end": {
              "line": 8,
              "column": 3
            }
          },
          {
            "start": {},
            "end": {}
          }
        ],
        "line": 6
      },
      "2": {
        "loc": {
          "start": {
            "line": 34,
            "column": 0
          },
          "end": {
            "line": 50,
            "column": 1
          }
        },
        "type": "if",
        "locations": [
          {
            "start": {
              "line": 34,
              "column": 0
            },
            "end": {
              "line": 50,
              "column": 1
            }
          },
          {
            "start": {},
            "end": {}
          }
        ],
        "line": 34
      },
      "3": {
        "loc": {
          "start": {
            "line": 43,
            "column": 6
          },
          "end": {
            "line": 44,
            "column": 15
          }
        },
        "type": "if",
        "locations": [
          {
            "start": {
              "line": 43,
              "column": 6
            },
            "end": {
              "line": 44,
              "column": 15
            }
          },
          {
            "start": {},
            "end": {}
          }
        ],
        "line": 43
      },
      "4": {
        "loc": {
          "start": {
            "line": 46,
            "column": 6
          },
          "end": {
            "line": 47,
            "column": 54
          }
        },
        "type": "if",
        "locations": [
          {
            "start": {
              "line": 46,
              "column": 6
            },
            "end": {
              "line": 47,
              "column": 54
            }
          },
          {
            "start": {},
            "end": {}
          }
        ],
        "line": 46
      }
    },
    "s": {
      "0": 7,
      "1": 7,
      "2": 0,
      "3": 7,
      "4": 7,
      "5": 7,
      "6": 7,
      "7": 7,
      "8": 22,
      "9": 280,
      "10": 7,
      "11": 7,
      "12": 7,
      "13": 7,
      "14": 7,
      "15": 7,
      "16": 7,
      "17": 7,
      "18": 0,
      "19": 0,
      "20": 0,
      "21": 0,
      "22": 0
    },
    "f": {
      "0": 7,
      "1": 22,
      "2": 280,
      "3": 7,
      "4": 0
    },
    "b": {
      "0": [7, 0],
      "1": [0, 7],
      "2": [7, 0],
      "3": [0, 0],
      "4": [0, 0]
    },
    "inputSourceMap": {
      "version": 3,
      "mappings": "AAce;AAdf,OAAOA,oBAAkB;AAAA;AAAA;AAAA;AAAA;AAAA;AAAA;AAAA;AAAA;AAAA;AAAA;AAAA;AAAA;AAAA;AACzB,OAAO;AAEP,OAAOC,UAAU;AAOjB,wBAAwBC,UAAUC,OAAe;AAC/C,SACE,uBAAC,SAAI,WAAU,aACZA,gBAAMC,MAAMC,IAAI,CAACC,IAAIC,QAAQ;AAC5B,WAAO,uBAAC,QAAe,MAAMD,IAAI,aAAaH,MAAMK,eAAlCD,KAAX;AAAA;AAAA;AAAA;AAAA,WAAyD;AAAA,EAClE,CAAC,KAHH;AAAA;AAAA;AAAA;AAAA,SAIA;AAEJ;AAACE,KARuBP;AAAS;AAAAQ",
      "names": [
        "React",
        "Card",
        "CardsList",
        "props",
        "books",
        "map",
        "el",
        "idx",
        "handleModal",
        "_c",
        "$RefreshReg$"
      ],
      "sources": [
        "/Users/spirit/Розробка/rss-clone/rsschool-react-2023q1/src/components/CardsList/CardsList.tsx"
      ],
      "file": "/Users/spirit/Розробка/rss-clone/rsschool-react-2023q1/src/components/CardsList/CardsList.tsx"
    },
    "_coverageSchema": "1a1c01bbd47fc00a2c39e90264f33305004495a9",
    "hash": "0b2c06fbdaa661c427f00f96109d866737383ad5"
  },
  "/Users/spirit/Розробка/rss-clone/rsschool-react-2023q1/src/components/Loader/Loader.tsx": {
    "path": "/Users/spirit/Розробка/rss-clone/rsschool-react-2023q1/src/components/Loader/Loader.tsx",
    "statementMap": {
      "0": {
        "start": {
          "line": 5,
          "column": 0
        },
        "end": {
          "line": 15,
          "column": 1
        }
      },
      "1": {
        "start": {
          "line": 6,
          "column": 2
        },
        "end": {
          "line": 8,
          "column": 3
        }
      },
      "2": {
        "start": {
          "line": 7,
          "column": 4
        },
        "end": {
          "line": 7,
          "column": 165
        }
      },
      "3": {
        "start": {
          "line": 9,
          "column": 2
        },
        "end": {
          "line": 9,
          "column": 39
        }
      },
      "4": {
        "start": {
          "line": 10,
          "column": 2
        },
        "end": {
          "line": 10,
          "column": 39
        }
      },
      "5": {
        "start": {
          "line": 11,
          "column": 2
        },
        "end": {
          "line": 13,
          "column": 4
        }
      },
      "6": {
        "start": {
          "line": 12,
          "column": 4
        },
        "end": {
          "line": 12,
          "column": 131
        }
      },
      "7": {
        "start": {
          "line": 14,
          "column": 2
        },
        "end": {
          "line": 14,
          "column": 75
        }
      },
      "8": {
        "start": {
          "line": 18,
          "column": 2
        },
        "end": {
          "line": 70,
          "column": 11
        }
      },
      "9": {
        "start": {
          "line": 72,
          "column": 0
        },
        "end": {
          "line": 72,
          "column": 12
        }
      },
      "10": {
        "start": {
          "line": 74,
          "column": 0
        },
        "end": {
          "line": 74,
          "column": 27
        }
      },
      "11": {
        "start": {
          "line": 75,
          "column": 0
        },
        "end": {
          "line": 91,
          "column": 1
        }
      },
      "12": {
        "start": {
          "line": 76,
          "column": 2
        },
        "end": {
          "line": 76,
          "column": 39
        }
      },
      "13": {
        "start": {
          "line": 77,
          "column": 2
        },
        "end": {
          "line": 77,
          "column": 39
        }
      },
      "14": {
        "start": {
          "line": 78,
          "column": 2
        },
        "end": {
          "line": 90,
          "column": 5
        }
      },
      "15": {
        "start": {
          "line": 82,
          "column": 4
        },
        "end": {
          "line": 82,
          "column": 157
        }
      },
      "16": {
        "start": {
          "line": 83,
          "column": 4
        },
        "end": {
          "line": 89,
          "column": 7
        }
      },
      "17": {
        "start": {
          "line": 84,
          "column": 6
        },
        "end": {
          "line": 85,
          "column": 15
        }
      },
      "18": {
        "start": {
          "line": 85,
          "column": 8
        },
        "end": {
          "line": 85,
          "column": 15
        }
      },
      "19": {
        "start": {
          "line": 86,
          "column": 32
        },
        "end": {
          "line": 86,
          "column": 115
        }
      },
      "20": {
        "start": {
          "line": 87,
          "column": 6
        },
        "end": {
          "line": 88,
          "column": 54
        }
      },
      "21": {
        "start": {
          "line": 88,
          "column": 8
        },
        "end": {
          "line": 88,
          "column": 54
        }
      }
    },
    "fnMap": {
      "0": {
        "name": "(anonymous_0)",
        "decl": {
          "start": {
            "line": 11,
            "column": 24
          },
          "end": {
            "line": 11,
            "column": 25
          }
        },
        "loc": {
          "start": {
            "line": 11,
            "column": 38
          },
          "end": {
            "line": 13,
            "column": 3
          }
        },
        "line": 11
      },
      "1": {
        "name": "Loader",
        "decl": {
          "start": {
            "line": 17,
            "column": 24
          },
          "end": {
            "line": 17,
            "column": 30
          }
        },
        "loc": {
          "start": {
            "line": 17,
            "column": 33
          },
          "end": {
            "line": 71,
            "column": 1
          }
        },
        "line": 17
      },
      "2": {
        "name": "(anonymous_2)",
        "decl": {
          "start": {
            "line": 81,
            "column": 9
          },
          "end": {
            "line": 81,
            "column": 10
          }
        },
        "loc": {
          "start": {
            "line": 81,
            "column": 29
          },
          "end": {
            "line": 90,
            "column": 3
          }
        },
        "line": 81
      },
      "3": {
        "name": "(anonymous_3)",
        "decl": {
          "start": {
            "line": 83,
            "column": 27
          },
          "end": {
            "line": 83,
            "column": 28
          }
        },
        "loc": {
          "start": {
            "line": 83,
            "column": 44
          },
          "end": {
            "line": 89,
            "column": 5
          }
        },
        "line": 83
      }
    },
    "branchMap": {
      "0": {
        "loc": {
          "start": {
            "line": 5,
            "column": 0
          },
          "end": {
            "line": 15,
            "column": 1
          }
        },
        "type": "if",
        "locations": [
          {
            "start": {
              "line": 5,
              "column": 0
            },
            "end": {
              "line": 15,
              "column": 1
            }
          },
          {
            "start": {},
            "end": {}
          }
        ],
        "line": 5
      },
      "1": {
        "loc": {
          "start": {
            "line": 6,
            "column": 2
          },
          "end": {
            "line": 8,
            "column": 3
          }
        },
        "type": "if",
        "locations": [
          {
            "start": {
              "line": 6,
              "column": 2
            },
            "end": {
              "line": 8,
              "column": 3
            }
          },
          {
            "start": {},
            "end": {}
          }
        ],
        "line": 6
      },
      "2": {
        "loc": {
          "start": {
            "line": 75,
            "column": 0
          },
          "end": {
            "line": 91,
            "column": 1
          }
        },
        "type": "if",
        "locations": [
          {
            "start": {
              "line": 75,
              "column": 0
            },
            "end": {
              "line": 91,
              "column": 1
            }
          },
          {
            "start": {},
            "end": {}
          }
        ],
        "line": 75
      },
      "3": {
        "loc": {
          "start": {
            "line": 84,
            "column": 6
          },
          "end": {
            "line": 85,
            "column": 15
          }
        },
        "type": "if",
        "locations": [
          {
            "start": {
              "line": 84,
              "column": 6
            },
            "end": {
              "line": 85,
              "column": 15
            }
          },
          {
            "start": {},
            "end": {}
          }
        ],
        "line": 84
      },
      "4": {
        "loc": {
          "start": {
            "line": 87,
            "column": 6
          },
          "end": {
            "line": 88,
            "column": 54
          }
        },
        "type": "if",
        "locations": [
          {
            "start": {
              "line": 87,
              "column": 6
            },
            "end": {
              "line": 88,
              "column": 54
            }
          },
          {
            "start": {},
            "end": {}
          }
        ],
        "line": 87
      }
    },
    "s": {
      "0": 7,
      "1": 7,
      "2": 0,
      "3": 7,
      "4": 7,
      "5": 7,
      "6": 7,
      "7": 7,
      "8": 16,
      "9": 7,
      "10": 7,
      "11": 7,
      "12": 7,
      "13": 7,
      "14": 7,
      "15": 7,
      "16": 7,
      "17": 0,
      "18": 0,
      "19": 0,
      "20": 0,
      "21": 0
    },
    "f": {
      "0": 7,
      "1": 16,
      "2": 7,
      "3": 0
    },
    "b": {
      "0": [7, 0],
      "1": [0, 7],
      "2": [7, 0],
      "3": [0, 0],
      "4": [0, 0]
    },
    "inputSourceMap": {
      "version": 3,
      "mappings": "AAOQ;AAPR,OAAOA,oBAAkB;AAAA;AAAA;AAAA;AAAA;AAAA;AAAA;AAAA;AAAA;AAAA;AAAA;AAAA;AAAA;AAAA;AACzB,OAAO;AAEP,wBAAwBC,SAAS;AAC/B,SACE,uBAAC,SAAI,WAAU,UAAS,eAAY,eAClC;AAAA,2BAAC,SAAI,WAAU,cACb;AAAA,6BAAC,WAAD;AAAA;AAAA;AAAA;AAAA,aAAK;AAAA,MACL,uBAAC,WAAD;AAAA;AAAA;AAAA;AAAA,aAAK;AAAA,MACL,uBAAC,WAAD;AAAA;AAAA;AAAA;AAAA,aAAK;AAAA,MACL,uBAAC,WAAD;AAAA;AAAA;AAAA;AAAA,aAAK;AAAA,MACL,uBAAC,WAAD;AAAA;AAAA;AAAA;AAAA,aAAK;AAAA,MACL,uBAAC,WAAD;AAAA;AAAA;AAAA;AAAA,aAAK;AAAA,MACL,uBAAC,WAAD;AAAA;AAAA;AAAA;AAAA,aAAK;AAAA,MACL,uBAAC,WAAD;AAAA;AAAA;AAAA;AAAA,aAAK;AAAA,SARP;AAAA;AAAA;AAAA;AAAA,WASA;AAAA,IAAK;AAAA,OAVP;AAAA;AAAA;AAAA;AAAA,SAYA;AAEJ;AAACC,KAhBuBD;AAAM;AAAAE",
      "names": ["React", "Loader", "_c", "$RefreshReg$"],
      "sources": [
        "/Users/spirit/Розробка/rss-clone/rsschool-react-2023q1/src/components/Loader/Loader.tsx"
      ],
      "file": "/Users/spirit/Розробка/rss-clone/rsschool-react-2023q1/src/components/Loader/Loader.tsx"
    },
    "_coverageSchema": "1a1c01bbd47fc00a2c39e90264f33305004495a9",
    "hash": "47b03c68dc12787c865b92099439057792a0a191"
  },
  "/Users/spirit/Розробка/rss-clone/rsschool-react-2023q1/src/redux/booksApi.ts": {
    "path": "/Users/spirit/Розробка/rss-clone/rsschool-react-2023q1/src/redux/booksApi.ts",
    "statementMap": {
      "0": {
        "start": {
          "line": 3,
          "column": 14
        },
        "end": {
          "line": 3,
          "column": 42
        }
      },
      "1": {
        "start": {
          "line": 4,
          "column": 13
        },
        "end": {
          "line": 4,
          "column": 41
        }
      },
      "2": {
        "start": {
          "line": 5,
          "column": 24
        },
        "end": {
          "line": 29,
          "column": 2
        }
      },
      "3": {
        "start": {
          "line": 8,
          "column": 25
        },
        "end": {
          "line": 28,
          "column": 3
        }
      },
      "4": {
        "start": {
          "line": 10,
          "column": 24
        },
        "end": {
          "line": 18,
          "column": 7
        }
      },
      "5": {
        "start": {
          "line": 21,
          "column": 22
        },
        "end": {
          "line": 26,
          "column": 7
        }
      },
      "6": {
        "start": {
          "line": 30,
          "column": 59
        },
        "end": {
          "line": 30,
          "column": 67
        }
      }
    },
    "fnMap": {
      "0": {
        "name": "(anonymous_0)",
        "decl": {
          "start": {
            "line": 8,
            "column": 13
          },
          "end": {
            "line": 8,
            "column": 14
          }
        },
        "loc": {
          "start": {
            "line": 8,
            "column": 25
          },
          "end": {
            "line": 28,
            "column": 3
          }
        },
        "line": 8
      },
      "1": {
        "name": "(anonymous_1)",
        "decl": {
          "start": {
            "line": 10,
            "column": 13
          },
          "end": {
            "line": 10,
            "column": 14
          }
        },
        "loc": {
          "start": {
            "line": 10,
            "column": 24
          },
          "end": {
            "line": 18,
            "column": 7
          }
        },
        "line": 10
      },
      "2": {
        "name": "(anonymous_2)",
        "decl": {
          "start": {
            "line": 21,
            "column": 13
          },
          "end": {
            "line": 21,
            "column": 14
          }
        },
        "loc": {
          "start": {
            "line": 21,
            "column": 22
          },
          "end": {
            "line": 26,
            "column": 7
          }
        },
        "line": 21
      }
    },
    "branchMap": {
      "0": {
        "loc": {
          "start": {
            "line": 15,
            "column": 22
          },
          "end": {
            "line": 15,
            "column": 38
          }
        },
        "type": "binary-expr",
        "locations": [
          {
            "start": {
              "line": 15,
              "column": 22
            },
            "end": {
              "line": 15,
              "column": 32
            }
          },
          {
            "start": {
              "line": 15,
              "column": 36
            },
            "end": {
              "line": 15,
              "column": 38
            }
          }
        ],
        "line": 15
      }
    },
    "s": {
      "0": 7,
      "1": 7,
      "2": 7,
      "3": 7,
      "4": 4,
      "5": 1,
      "6": 7
    },
    "f": {
      "0": 7,
      "1": 4,
      "2": 1
    },
    "b": {
      "0": [4, 4]
    },
    "inputSourceMap": {
      "version": 3,
      "sources": ["/Users/spirit/Розробка/rss-clone/rsschool-react-2023q1/src/redux/booksApi.ts"],
      "mappings": "AAAA,SAAS,WAAW,sBAAsB;AAE1C,OAAO,WAAW;AAQlB,MAAM,QAA4B,YAAY,IAAI;AAClD,MAAM,OAA2B,YAAY,IAAI;AAE1C,aAAM,WAAW,UAAU;AAAA,EAChC,aAAa;AAAA,EACb,WAAW,eAAe,EAAE,SAAS,OAAO,SAAS,MAAM,CAAC;AAAA,EAC5D,WAAW,CAAC,WAAW;AAAA,IACrB,aAAa,MAAM,MAA+B;AAAA,MAChD,OAAO,CAAC,UAAmB;AAAA,QACzB,KAAK;AAAA,QACL,QAAQ;AAAA,UACN,GAAG,KAAK;AAAA,UACR,KAAK;AAAA,UACL,YAAY,KAAK,SAAS;AAAA,UAC1B,YAAY,KAAK,OAAO;AAAA,QAC1B;AAAA,MACF;AAAA,IACF,CAAC;AAAA,IACD,YAAY,MAAM,MAAqB;AAAA,MACrC,OAAO,CAAC,QAAgB;AAAA,QACtB,KAAK;AAAA,QACL,QAAQ;AAAA,UACN,KAAK;AAAA,QACP;AAAA,MACF;AAAA,IACF,CAAC;AAAA,EACH;AACF,CAAC;AAEM,aAAM,EAAE,qBAAqB,mBAAmB,IAAI;",
      "names": []
    },
    "_coverageSchema": "1a1c01bbd47fc00a2c39e90264f33305004495a9",
    "hash": "3430500170af7fb910dd99e4cae23c8d39318f72"
  },
  "/Users/spirit/Розробка/rss-clone/rsschool-react-2023q1/src/components/Modal/Modal.tsx": {
    "path": "/Users/spirit/Розробка/rss-clone/rsschool-react-2023q1/src/components/Modal/Modal.tsx",
    "statementMap": {
      "0": {
        "start": {
          "line": 5,
          "column": 0
        },
        "end": {
          "line": 15,
          "column": 1
        }
      },
      "1": {
        "start": {
          "line": 6,
          "column": 2
        },
        "end": {
          "line": 8,
          "column": 3
        }
      },
      "2": {
        "start": {
          "line": 7,
          "column": 4
        },
        "end": {
          "line": 7,
          "column": 165
        }
      },
      "3": {
        "start": {
          "line": 9,
          "column": 2
        },
        "end": {
          "line": 9,
          "column": 39
        }
      },
      "4": {
        "start": {
          "line": 10,
          "column": 2
        },
        "end": {
          "line": 10,
          "column": 39
        }
      },
      "5": {
        "start": {
          "line": 11,
          "column": 2
        },
        "end": {
          "line": 13,
          "column": 4
        }
      },
      "6": {
        "start": {
          "line": 12,
          "column": 4
        },
        "end": {
          "line": 12,
          "column": 129
        }
      },
      "7": {
        "start": {
          "line": 14,
          "column": 2
        },
        "end": {
          "line": 14,
          "column": 75
        }
      },
      "8": {
        "start": {
          "line": 16,
          "column": 9
        },
        "end": {
          "line": 16,
          "column": 23
        }
      },
      "9": {
        "start": {
          "line": 21,
          "column": 2
        },
        "end": {
          "line": 21,
          "column": 7
        }
      },
      "10": {
        "start": {
          "line": 25,
          "column": 6
        },
        "end": {
          "line": 25,
          "column": 34
        }
      },
      "11": {
        "start": {
          "line": 26,
          "column": 18
        },
        "end": {
          "line": 26,
          "column": 157
        }
      },
      "12": {
        "start": {
          "line": 27,
          "column": 17
        },
        "end": {
          "line": 27,
          "column": 53
        }
      },
      "13": {
        "start": {
          "line": 28,
          "column": 16
        },
        "end": {
          "line": 28,
          "column": 148
        }
      },
      "14": {
        "start": {
          "line": 30,
          "column": 4
        },
        "end": {
          "line": 30,
          "column": 26
        }
      },
      "15": {
        "start": {
          "line": 32,
          "column": 2
        },
        "end": {
          "line": 131,
          "column": 11
        }
      },
      "16": {
        "start": {
          "line": 133,
          "column": 0
        },
        "end": {
          "line": 135,
          "column": 3
        }
      },
      "17": {
        "start": {
          "line": 134,
          "column": 2
        },
        "end": {
          "line": 134,
          "column": 30
        }
      },
      "18": {
        "start": {
          "line": 136,
          "column": 0
        },
        "end": {
          "line": 136,
          "column": 11
        }
      },
      "19": {
        "start": {
          "line": 138,
          "column": 0
        },
        "end": {
          "line": 138,
          "column": 26
        }
      },
      "20": {
        "start": {
          "line": 139,
          "column": 0
        },
        "end": {
          "line": 155,
          "column": 1
        }
      },
      "21": {
        "start": {
          "line": 140,
          "column": 2
        },
        "end": {
          "line": 140,
          "column": 39
        }
      },
      "22": {
        "start": {
          "line": 141,
          "column": 2
        },
        "end": {
          "line": 141,
          "column": 39
        }
      },
      "23": {
        "start": {
          "line": 142,
          "column": 2
        },
        "end": {
          "line": 154,
          "column": 5
        }
      },
      "24": {
        "start": {
          "line": 146,
          "column": 4
        },
        "end": {
          "line": 146,
          "column": 155
        }
      },
      "25": {
        "start": {
          "line": 147,
          "column": 4
        },
        "end": {
          "line": 153,
          "column": 7
        }
      },
      "26": {
        "start": {
          "line": 148,
          "column": 6
        },
        "end": {
          "line": 149,
          "column": 15
        }
      },
      "27": {
        "start": {
          "line": 149,
          "column": 8
        },
        "end": {
          "line": 149,
          "column": 15
        }
      },
      "28": {
        "start": {
          "line": 150,
          "column": 32
        },
        "end": {
          "line": 150,
          "column": 115
        }
      },
      "29": {
        "start": {
          "line": 151,
          "column": 6
        },
        "end": {
          "line": 152,
          "column": 54
        }
      },
      "30": {
        "start": {
          "line": 152,
          "column": 8
        },
        "end": {
          "line": 152,
          "column": 54
        }
      }
    },
    "fnMap": {
      "0": {
        "name": "(anonymous_0)",
        "decl": {
          "start": {
            "line": 11,
            "column": 24
          },
          "end": {
            "line": 11,
            "column": 25
          }
        },
        "loc": {
          "start": {
            "line": 11,
            "column": 38
          },
          "end": {
            "line": 13,
            "column": 3
          }
        },
        "line": 11
      },
      "1": {
        "name": "Modal",
        "decl": {
          "start": {
            "line": 20,
            "column": 24
          },
          "end": {
            "line": 20,
            "column": 29
          }
        },
        "loc": {
          "start": {
            "line": 20,
            "column": 37
          },
          "end": {
            "line": 132,
            "column": 1
          }
        },
        "line": 20
      },
      "2": {
        "name": "handleModal",
        "decl": {
          "start": {
            "line": 29,
            "column": 11
          },
          "end": {
            "line": 29,
            "column": 22
          }
        },
        "loc": {
          "start": {
            "line": 29,
            "column": 25
          },
          "end": {
            "line": 31,
            "column": 3
          }
        },
        "line": 29
      },
      "3": {
        "name": "(anonymous_3)",
        "decl": {
          "start": {
            "line": 133,
            "column": 49
          },
          "end": {
            "line": 133,
            "column": 50
          }
        },
        "loc": {
          "start": {
            "line": 133,
            "column": 60
          },
          "end": {
            "line": 135,
            "column": 1
          }
        },
        "line": 133
      },
      "4": {
        "name": "(anonymous_4)",
        "decl": {
          "start": {
            "line": 145,
            "column": 9
          },
          "end": {
            "line": 145,
            "column": 10
          }
        },
        "loc": {
          "start": {
            "line": 145,
            "column": 29
          },
          "end": {
            "line": 154,
            "column": 3
          }
        },
        "line": 145
      },
      "5": {
        "name": "(anonymous_5)",
        "decl": {
          "start": {
            "line": 147,
            "column": 27
          },
          "end": {
            "line": 147,
            "column": 28
          }
        },
        "loc": {
          "start": {
            "line": 147,
            "column": 44
          },
          "end": {
            "line": 153,
            "column": 5
          }
        },
        "line": 147
      }
    },
    "branchMap": {
      "0": {
        "loc": {
          "start": {
            "line": 5,
            "column": 0
          },
          "end": {
            "line": 15,
            "column": 1
          }
        },
        "type": "if",
        "locations": [
          {
            "start": {
              "line": 5,
              "column": 0
            },
            "end": {
              "line": 15,
              "column": 1
            }
          },
          {
            "start": {},
            "end": {}
          }
        ],
        "line": 5
      },
      "1": {
        "loc": {
          "start": {
            "line": 6,
            "column": 2
          },
          "end": {
            "line": 8,
            "column": 3
          }
        },
        "type": "if",
        "locations": [
          {
            "start": {
              "line": 6,
              "column": 2
            },
            "end": {
              "line": 8,
              "column": 3
            }
          },
          {
            "start": {},
            "end": {}
          }
        ],
        "line": 6
      },
      "2": {
        "loc": {
          "start": {
            "line": 26,
            "column": 18
          },
          "end": {
            "line": 26,
            "column": 157
          }
        },
        "type": "binary-expr",
        "locations": [
          {
            "start": {
              "line": 26,
              "column": 18
            },
            "end": {
              "line": 26,
              "column": 53
            }
          },
          {
            "start": {
              "line": 26,
              "column": 57
            },
            "end": {
              "line": 26,
              "column": 93
            }
          },
          {
            "start": {
              "line": 26,
              "column": 97
            },
            "end": {
              "line": 26,
              "column": 136
            }
          },
          {
            "start": {
              "line": 26,
              "column": 140
            },
            "end": {
              "line": 26,
              "column": 157
            }
          }
        ],
        "line": 26
      },
      "3": {
        "loc": {
          "start": {
            "line": 27,
            "column": 17
          },
          "end": {
            "line": 27,
            "column": 53
[...]
      },
      "20": {
        "start": {
          "line": 55,
          "column": 6
        },
        "end": {
          "line": 56,
          "column": 54
        }
      },
      "21": {
        "start": {
          "line": 56,
          "column": 8
        },
        "end": {
          "line": 56,
          "column": 54
        }
      }
    },
    "fnMap": {
      "0": {
        "name": "(anonymous_0)",
        "decl": {
          "start": {
            "line": 11,
            "column": 24
          },
          "end": {
            "line": 11,
            "column": 25
          }
        },
        "loc": {
          "start": {
            "line": 11,
            "column": 38
          },
          "end": {
            "line": 13,
            "column": 3
          }
        },
        "line": 11
      },
      "1": {
        "name": "Footer",
        "decl": {
          "start": {
            "line": 17,
            "column": 24
          },
          "end": {
            "line": 17,
            "column": 30
          }
        },
        "loc": {
          "start": {
            "line": 17,
            "column": 33
          },
          "end": {
            "line": 39,
            "column": 1
          }
        },
        "line": 17
      },
      "2": {
        "name": "(anonymous_2)",
        "decl": {
          "start": {
            "line": 49,
            "column": 9
          },
          "end": {
            "line": 49,
            "column": 10
          }
        },
        "loc": {
          "start": {
            "line": 49,
            "column": 29
          },
          "end": {
            "line": 58,
            "column": 3
          }
        },
        "line": 49
      },
      "3": {
        "name": "(anonymous_3)",
        "decl": {
          "start": {
            "line": 51,
            "column": 27
          },
          "end": {
            "line": 51,
            "column": 28
          }
        },
        "loc": {
          "start": {
            "line": 51,
            "column": 44
          },
          "end": {
            "line": 57,
            "column": 5
          }
        },
        "line": 51
      }
    },
    "branchMap": {
      "0": {
        "loc": {
          "start": {
            "line": 5,
            "column": 0
          },
          "end": {
            "line": 15,
            "column": 1
          }
        },
        "type": "if",
        "locations": [
          {
            "start": {
              "line": 5,
              "column": 0
            },
            "end": {
              "line": 15,
              "column": 1
            }
          },
          {
            "start": {},
            "end": {}
          }
        ],
        "line": 5
      },
      "1": {
        "loc": {
          "start": {
            "line": 6,
            "column": 2
          },
          "end": {
            "line": 8,
            "column": 3
          }
        },
        "type": "if",
        "locations": [
          {
            "start": {
              "line": 6,
              "column": 2
            },
            "end": {
              "line": 8,
              "column": 3
            }
          },
          {
            "start": {},
            "end": {}
          }
        ],
        "line": 6
      },
      "2": {
        "loc": {
          "start": {
            "line": 43,
            "column": 0
          },
          "end": {
            "line": 59,
            "column": 1
          }
        },
        "type": "if",
        "locations": [
          {
            "start": {
              "line": 43,
              "column": 0
            },
            "end": {
              "line": 59,
              "column": 1
            }
          },
          {
            "start": {},
            "end": {}
          }
        ],
        "line": 43
      },
      "3": {
        "loc": {
          "start": {
            "line": 52,
            "column": 6
          },
          "end": {
            "line": 53,
            "column": 15
          }
        },
        "type": "if",
        "locations": [
          {
            "start": {
              "line": 52,
              "column": 6
            },
            "end": {
              "line": 53,
              "column": 15
            }
          },
          {
            "start": {},
            "end": {}
          }
        ],
        "line": 52
      },
      "4": {
        "loc": {
          "start": {
            "line": 55,
            "column": 6
          },
          "end": {
            "line": 56,
            "column": 54
          }
        },
        "type": "if",
        "locations": [
          {
            "start": {
              "line": 55,
              "column": 6
            },
            "end": {
              "line": 56,
              "column": 54
            }
          },
          {
            "start": {},
            "end": {}
          }
        ],
        "line": 55
      }
    },
    "s": {
      "0": 7,
      "1": 7,
      "2": 0,
      "3": 7,
      "4": 7,
      "5": 7,
      "6": 7,
      "7": 7,
      "8": 14,
      "9": 7,
      "10": 7,
      "11": 7,
      "12": 7,
      "13": 7,
      "14": 7,
      "15": 7,
      "16": 7,
      "17": 0,
      "18": 0,
      "19": 0,
      "20": 0,
      "21": 0
    },
    "f": {
      "0": 7,
      "1": 14,
      "2": 7,
      "3": 0
    },
    "b": {
      "0": [7, 0],
      "1": [0, 7],
      "2": [7, 0],
      "3": [0, 0],
      "4": [0, 0]
    },
    "inputSourceMap": {
      "version": 3,
      "mappings": "AAMM;AANN,OAAOA,oBAAkB;AAAA;AAAA;AAAA;AAAA;AAAA;AAAA;AAAA;AAAA;AAAA;AAAA;AAAA;AAAA;AAAA;AACzB,OAAO;AAEP,wBAAwBC,SAAS;AAC/B,SACE,uBAAC,SAAI,WAAU,UACb;AAAA,2BAAC,OAAE,WAAU,mBAAkB,MAAK,wBAApC;AAAA;AAAA;AAAA;AAAA,WAAyD;AAAA,IACzD,uBAAC,UAAK,WAAU,gBAAe,oBAA/B;AAAA;AAAA;AAAA;AAAA,WAAmC;AAAA,IACnC,uBAAC,OAAE,WAAU,kBAAiB,MAAK,mCAAnC;AAAA;AAAA;AAAA;AAAA,WAAmE;AAAA,OAHrE;AAAA;AAAA;AAAA;AAAA,SAIA;AAEJ;AAACC,KARuBD;AAAM;AAAAE",
      "names": ["React", "Footer", "_c", "$RefreshReg$"],
      "sources": [
        "/Users/spirit/Розробка/rss-clone/rsschool-react-2023q1/src/components/Footer/Footer.tsx"
      ],
      "file": "/Users/spirit/Розробка/rss-clone/rsschool-react-2023q1/src/components/Footer/Footer.tsx"
    },
    "_coverageSchema": "1a1c01bbd47fc00a2c39e90264f33305004495a9",
    "hash": "1ffaa68231fa5a3076593162400039664d1a65f9"
  },
  "/Users/spirit/Розробка/rss-clone/rsschool-react-2023q1/src/App.tsx": {
    "path": "/Users/spirit/Розробка/rss-clone/rsschool-react-2023q1/src/App.tsx",
    "statementMap": {
      "0": {
        "start": {
          "line": 5,
          "column": 0
        },
        "end": {
          "line": 15,
          "column": 1
        }
      },
      "1": {
        "start": {
          "line": 6,
          "column": 2
        },
        "end": {
          "line": 8,
          "column": 3
        }
      },
      "2": {
        "start": {
          "line": 7,
          "column": 4
        },
        "end": {
          "line": 7,
          "column": 165
        }
      },
      "3": {
        "start": {
          "line": 9,
          "column": 2
        },
        "end": {
          "line": 9,
          "column": 39
        }
      },
      "4": {
        "start": {
          "line": 10,
          "column": 2
        },
        "end": {
          "line": 10,
          "column": 39
        }
      },
      "5": {
        "start": {
          "line": 11,
          "column": 2
        },
        "end": {
          "line": 13,
          "column": 4
        }
      },
      "6": {
        "start": {
          "line": 12,
          "column": 4
        },
        "end": {
          "line": 12,
          "column": 110
        }
      },
      "7": {
        "start": {
          "line": 14,
          "column": 2
        },
        "end": {
          "line": 14,
          "column": 75
        }
      },
      "8": {
        "start": {
          "line": 24,
          "column": 2
        },
        "end": {
          "line": 76,
          "column": 11
        }
      },
      "9": {
        "start": {
          "line": 78,
          "column": 0
        },
        "end": {
          "line": 78,
          "column": 9
        }
      },
      "10": {
        "start": {
          "line": 81,
          "column": 0
        },
        "end": {
          "line": 81,
          "column": 24
        }
      },
      "11": {
        "start": {
          "line": 82,
          "column": 0
        },
        "end": {
          "line": 98,
          "column": 1
        }
      },
      "12": {
        "start": {
          "line": 83,
          "column": 2
        },
        "end": {
          "line": 83,
          "column": 39
        }
      },
      "13": {
        "start": {
          "line": 84,
          "column": 2
        },
        "end": {
          "line": 84,
          "column": 39
        }
      },
      "14": {
        "start": {
          "line": 85,
          "column": 2
        },
        "end": {
          "line": 97,
          "column": 5
        }
      },
      "15": {
        "start": {
          "line": 89,
          "column": 4
        },
        "end": {
          "line": 89,
          "column": 136
        }
      },
      "16": {
        "start": {
          "line": 90,
          "column": 4
        },
        "end": {
          "line": 96,
          "column": 7
        }
      },
      "17": {
        "start": {
          "line": 91,
          "column": 6
        },
        "end": {
          "line": 92,
          "column": 15
        }
      },
      "18": {
        "start": {
          "line": 92,
          "column": 8
        },
        "end": {
          "line": 92,
          "column": 15
        }
      },
      "19": {
        "start": {
          "line": 93,
          "column": 32
        },
        "end": {
          "line": 93,
          "column": 115
        }
      },
      "20": {
        "start": {
          "line": 94,
          "column": 6
        },
        "end": {
          "line": 95,
          "column": 54
        }
      },
      "21": {
        "start": {
          "line": 95,
          "column": 8
        },
        "end": {
          "line": 95,
          "column": 54
        }
      }
    },
    "fnMap": {
      "0": {
        "name": "(anonymous_0)",
        "decl": {
          "start": {
            "line": 11,
            "column": 24
          },
          "end": {
            "line": 11,
            "column": 25
          }
        },
        "loc": {
          "start": {
            "line": 11,
            "column": 38
          },
          "end": {
            "line": 13,
            "column": 3
          }
        },
        "line": 11
      },
      "1": {
        "name": "App",
        "decl": {
          "start": {
            "line": 23,
            "column": 9
          },
          "end": {
            "line": 23,
            "column": 12
          }
        },
        "loc": {
          "start": {
            "line": 23,
            "column": 15
          },
          "end": {
            "line": 77,
            "column": 1
          }
        },
        "line": 23
      },
      "2": {
        "name": "(anonymous_2)",
        "decl": {
          "start": {
            "line": 88,
            "column": 9
          },
          "end": {
            "line": 88,
            "column": 10
          }
        },
        "loc": {
          "start": {
            "line": 88,
            "column": 29
          },
          "end": {
            "line": 97,
            "column": 3
          }
        },
        "line": 88
      },
      "3": {
        "name": "(anonymous_3)",
        "decl": {
          "start": {
            "line": 90,
            "column": 27
          },
          "end": {
            "line": 90,
            "column": 28
          }
        },
        "loc": {
          "start": {
            "line": 90,
            "column": 44
          },
          "end": {
            "line": 96,
            "column": 5
          }
        },
        "line": 90
      }
    },
    "branchMap": {
      "0": {
        "loc": {
          "start": {
            "line": 5,
            "column": 0
          },
          "end": {
            "line": 15,
            "column": 1
          }
        },
        "type": "if",
        "locations": [
          {
            "start": {
              "line": 5,
              "column": 0
            },
            "end": {
              "line": 15,
              "column": 1
            }
          },
          {
            "start": {},
            "end": {}
          }
        ],
        "line": 5
      },
      "1": {
        "loc": {
          "start": {
            "line": 6,
            "column": 2
          },
          "end": {
            "line": 8,
            "column": 3
          }
        },
        "type": "if",
        "locations": [
          {
            "start": {
              "line": 6,
              "column": 2
            },
            "end": {
              "line": 8,
              "column": 3
            }
          },
          {
            "start": {},
            "end": {}
          }
        ],
        "line": 6
      },
      "2": {
        "loc": {
          "start": {
            "line": 82,
            "column": 0
          },
          "end": {
            "line": 98,
            "column": 1
          }
        },
        "type": "if",
        "locations": [
          {
            "start": {
              "line": 82,
              "column": 0
            },
            "end": {
              "line": 98,
              "column": 1
            }
          },
          {
            "start": {},
            "end": {}
          }
        ],
        "line": 82
      },
      "3": {
        "loc": {
          "start": {
            "line": 91,
            "column": 6
          },
          "end": {
            "line": 92,
            "column": 15
          }
        },
        "type": "if",
        "locations": [
          {
            "start": {
              "line": 91,
              "column": 6
            },
            "end": {
              "line": 92,
              "column": 15
            }
          },
          {
            "start": {},
            "end": {}
          }
        ],
        "line": 91
      },
      "4": {
        "loc": {
          "start": {
            "line": 94,
            "column": 6
          },
          "end": {
            "line": 95,
            "column": 54
          }
        },
        "type": "if",
        "locations": [
          {
            "start": {
              "line": 94,
              "column": 6
            },
            "end": {
              "line": 95,
              "column": 54
            }
          },
          {
            "start": {},
            "end": {}
          }
        ],
        "line": 94
      }
    },
    "s": {
      "0": 7,
      "1": 7,
      "2": 0,
      "3": 7,
      "4": 7,
      "5": 7,
      "6": 7,
      "7": 7,
      "8": 14,
      "9": 7,
      "10": 7,
      "11": 7,
      "12": 7,
      "13": 7,
      "14": 7,
      "15": 6,
      "16": 6,
      "17": 0,
      "18": 0,
      "19": 0,
      "20": 0,
      "21": 0
    },
    "f": {
      "0": 7,
      "1": 14,
      "2": 6,
      "3": 0
    },
    "b": {
      "0": [7, 0],
      "1": [0, 7],
      "2": [7, 0],
      "3": [0, 0],
      "4": [0, 0]
    },
    "inputSourceMap": {
      "version": 3,
      "mappings": "AAaiC;AAbjC,OAAO,oBAAW;AAAA;AAAA;AAAA;AAAA;AAAA;AAAA;AAAA;AAAA;AAAA;AAAA;AAAA;AAAA;AAAA;AAAA;AAElB,SAASA,OAAOC,cAAc;AAC9B,OAAOC,cAAc;AACrB,OAAOC,eAAe;AACtB,OAAOC,cAAc;AACrB,OAAOC,kBAAkB;AACzB,OAAOC,YAAY;AAEnB,SAASC,MAAM;AACb,SACE,uBAAC,SAAI,WAAU,OACb;AAAA,2BAAC,UACC;AAAA,6BAAC,SAAM,MAAK,KAAI,SAAS,uBAAC,cAAD;AAAA;AAAA;AAAA;AAAA,aAAS,KAAlC;AAAA;AAAA;AAAA;AAAA,aAAsC;AAAA,MACtC,uBAAC,SAAM,MAAK,UAAS,SAAS,uBAAC,eAAD;AAAA;AAAA;AAAA;AAAA,aAAU,KAAxC;AAAA;AAAA;AAAA;AAAA,aAA4C;AAAA,MAC5C,uBAAC,SAAM,MAAK,SAAQ,SAAS,uBAAC,cAAD;AAAA;AAAA;AAAA;AAAA,aAAS,KAAtC;AAAA;AAAA;AAAA;AAAA,aAA0C;AAAA,MAC1C,uBAAC,SAAM,MAAK,KAAI,SAAS,uBAAC,kBAAD;AAAA;AAAA;AAAA;AAAA,aAAa,KAAtC;AAAA;AAAA;AAAA;AAAA,aAA0C;AAAA,SAJ5C;AAAA;AAAA;AAAA;AAAA,WAKA;AAAA,IACA,uBAAC,YAAD;AAAA;AAAA;AAAA;AAAA,WAAO;AAAA,OAPT;AAAA;AAAA;AAAA;AAAA,SAQA;AAEJ;AAACC,KAZQD;AAcT,eAAeA;AAAI;AAAAE",
      "names": [
        "Route",
        "Routes",
        "HomePage",
        "AboutPage",
        "FormPage",
        "NotFoundPage",
        "Footer",
        "App",
        "_c",
        "$RefreshReg$"
      ],
      "sources": ["/Users/spirit/Розробка/rss-clone/rsschool-react-2023q1/src/App.tsx"],
      "file": "/Users/spirit/Розробка/rss-clone/rsschool-react-2023q1/src/App.tsx"
    },
    "_coverageSchema": "1a1c01bbd47fc00a2c39e90264f33305004495a9",
    "hash": "24bc643cbe153b69b1e05f74e985d2bb3b760c90"
  },
  "/Users/spirit/Розробка/rss-clone/rsschool-react-2023q1/src/redux/store.ts": {
    "path": "/Users/spirit/Розробка/rss-clone/rsschool-react-2023q1/src/redux/store.ts",
    "statementMap": {
      "0": {
        "start": {
          "line": 5,
          "column": 21
        },
        "end": {
          "line": 12,
          "column": 2
        }
      },
      "1": {
        "start": {
          "line": 11,
          "column": 40
        },
        "end": {
          "line": 11,
          "column": 90
        }
      }
    },
    "fnMap": {
      "0": {
        "name": "(anonymous_0)",
        "decl": {
          "start": {
            "line": 11,
            "column": 14
          },
          "end": {
            "line": 11,
            "column": 15
          }
        },
        "loc": {
          "start": {
            "line": 11,
            "column": 40
          },
          "end": {
            "line": 11,
            "column": 90
          }
        },
        "line": 11
      }
    },
    "branchMap": {},
    "s": {
      "0": 7,
      "1": 7
    },
    "f": {
      "0": 7
    },
    "b": {},
    "inputSourceMap": {
      "version": 3,
      "sources": ["/Users/spirit/Розробка/rss-clone/rsschool-react-2023q1/src/redux/store.ts"],
      "mappings": "AAAA,SAAS,sBAAsB;AAC/B,SAAS,gBAAgB;AACzB,SAAS,qBAAqB;AAC9B,SAAS,mBAAmB;AAErB,aAAM,QAAQ,eAAe;AAAA,EAClC,SAAS;AAAA,IACP,CAAC,SAAS,WAAW,GAAG,SAAS;AAAA,IACjC,QAAQ;AAAA,IACR,MAAM;AAAA,EACR;AAAA,EACA,YAAY,CAAC,yBAAyB,qBAAqB,EAAE,OAAO,SAAS,UAAU;AACzF,CAAC;",
      "names": []
    },
    "_coverageSchema": "1a1c01bbd47fc00a2c39e90264f33305004495a9",
    "hash": "2b2235874089eb13b6af4128aad3f55e506fa68f"
  },
  "/Users/spirit/Розробка/rss-clone/rsschool-react-2023q1/src/entry-client.tsx": {
    "path": "/Users/spirit/Розробка/rss-clone/rsschool-react-2023q1/src/entry-client.tsx",
    "statementMap": {
      "0": {
        "start": {
          "line": 8,
          "column": 0
        },
        "end": {
          "line": 24,
          "column": 10
        }
      }
    },
    "fnMap": {},
    "branchMap": {},
    "s": {
      "0": 7
    },
    "f": {},
    "b": {},
    "inputSourceMap": {
      "version": 3,
      "mappings": "AAYQ;AAZR,OAAOA,WAAW;AAClB,OAAOC,cAAc;AACrB,SAASC,gBAAgB;AACzB,SAASC,qBAAqB;AAC9B,OAAOC,SAAS;AAChB,SAASC,aAAa;AAEtBJ,SAASK,YACPC,SAASC,eAAe,KAAK,GAC7B,uBAAC,MAAM,YAAN,EACC,iCAAC,YAAS,OACR,iCAAC,iBACC,iCAAC,SAAD;AAAA;AAAA;AAAA;AAAA,OAAI,KADN;AAAA;AAAA;AAAA;AAAA,OAEA,KAHF;AAAA;AAAA;AAAA;AAAA,OAIA,KALF;AAAA;AAAA;AAAA;AAAA,OAMA,CAAmB",
      "names": [
        "React",
        "ReactDOM",
        "Provider",
        "BrowserRouter",
        "App",
        "store",
        "hydrateRoot",
        "document",
        "getElementById"
      ],
      "sources": ["/Users/spirit/Розробка/rss-clone/rsschool-react-2023q1/src/entry-client.tsx"],
      "file": "/Users/spirit/Розробка/rss-clone/rsschool-react-2023q1/src/entry-client.tsx"
    },
    "_coverageSchema": "1a1c01bbd47fc00a2c39e90264f33305004495a9",
    "hash": "2a99a9376fefc1e9ec0b6cefe8077b783794cdf1"
  }
}
